<?xml version="1.0" encoding="UTF-8"?>
<!-- Generated by org.testng.reporters.JUnitXMLReporter -->
<testsuite ignored="1" hostname="DESKTOP-93K3C4K" failures="0" tests="1" name="ChromeTest" time="24.151" errors="0" timestamp="2024-09-01T01:53:58 IST">
  <testcase classname="testScript.LoginPageTest" name="verifyValidUsercredential" time="8.603"/>
  <testcase classname="testScript.LoginPageTest" name="verifyErrorMessageWithInvalidCredentials" time="0.0">
    <ignored/>
  </testcase> <!-- verifyErrorMessageWithInvalidCredentials -->
</testsuite> <!-- ChromeTest -->
