<?xml version="1.0" encoding="UTF-8"?>
<!-- Generated by org.testng.reporters.JUnitXMLReporter -->
<testsuite ignored="1" hostname="DESKTOP-93K3C4K" failures="0" tests="1" name="EdgeTest" time="20.629" errors="0" timestamp="2024-09-01T01:54:19 IST">
  <testcase classname="testScript.LoginPageTest" name="verifyValidUsercredential" time="6.764"/>
  <testcase classname="testScript.LoginPageTest" name="verifyErrorMessageWithInvalidCredentials" time="0.0">
    <ignored/>
  </testcase> <!-- verifyErrorMessageWithInvalidCredentials -->
</testsuite> <!-- EdgeTest -->
