<?xml version="1.0" encoding="UTF-8"?>
<!-- Generated by org.testng.reporters.JUnitXMLReporter -->
<testsuite ignored="0" hostname="DESKTOP-93K3C4K" failures="0" tests="3" name="EditProfilePdtImportTests" time="508.484" errors="0" timestamp="2024-09-01T02:22:22 IST">
  <testcase classname="testScript.EditProfileTest" name="verifyProfileEdit" time="0.0">
    <skipped/>
  </testcase> <!-- verifyProfileEdit -->
  <testcase classname="testScript.ProductsImportTest" name="verifyImportWithUploadingFile" time="74.089"/>
  <testcase classname="testScript.ProductsImportTest" name="verifyImportWithoutUploadingFile" time="16.048"/>
</testsuite> <!-- EditProfilePdtImportTests -->
