<?xml version="1.0" encoding="UTF-8"?>
<!-- Generated by org.testng.reporters.JUnitXMLReporter -->
<testsuite ignored="1" hostname="DESKTOP-93K3C4K" failures="0" tests="1" name="FirefoxTest" time="181.712" errors="0" timestamp="2024-09-01T01:57:21 IST">
  <testcase classname="testScript.LoginPageTest" name="verifyValidUsercredential" time="14.709"/>
  <testcase classname="testScript.LoginPageTest" name="verifyErrorMessageWithInvalidCredentials" time="0.0">
    <ignored/>
  </testcase> <!-- verifyErrorMessageWithInvalidCredentials -->
</testsuite> <!-- FirefoxTest -->
