<?xml version="1.0" encoding="UTF-8"?>
<!-- Generated by org.testng.reporters.JUnitXMLReporter -->
<testsuite ignored="0" hostname="DESKTOP-93K3C4K" failures="1" tests="6" name="LoginResetPagesTest" time="474.315" errors="0" timestamp="2024-09-01T02:21:48 IST">
  <testcase classname="testScript.LoginPageTest" name="verifyErrorMessageWithInvalidCredentials" time="8.327">
    <failure type="java.lang.RuntimeException" message="Excel sheet not found">
      <![CDATA[java.lang.RuntimeException: Excel sheet not found
at utilities.ExcelUtility.getStringData(ExcelUtility.java:27)
at testScript.LoginPageTest.verifyErrorMessageWithInvalidCredentials(LoginPageTest.java:30)
at java.base/java.util.ArrayList.forEach(ArrayList.java:1511)
at java.base/java.util.concurrent.FutureTask.run(FutureTask.java:264)
at java.base/java.util.concurrent.ThreadPoolExecutor.runWorker(ThreadPoolExecutor.java:1136)
at java.base/java.util.concurrent.ThreadPoolExecutor$Worker.run(ThreadPoolExecutor.java:635)
at java.base/java.lang.Thread.run(Thread.java:840)
... Removed 17 stack frames]]>
    </failure>
  </testcase> <!-- verifyErrorMessageWithInvalidCredentials -->
  <testcase classname="testScript.LoginPageTest" name="verifyErrorMessageWithInvalidCredentials" time="17.022"/>
  <testcase classname="testScript.LoginPageTest" name="verifyErrorMessageWithInvalidCredentials" time="4.218"/>
  <testcase classname="testScript.LoginPageTest" name="verifyValidUsercredential" time="35.674"/>
  <testcase classname="testScript.ResetPageTest" name="verifyPasswordResetWithInvalidMailId" time="4.747"/>
  <testcase classname="testScript.ResetPageTest" name="verifyPasswordResetWithValidMailId" time="4.396"/>
</testsuite> <!-- LoginResetPagesTest -->
