<?xml version="1.0" encoding="UTF-8"?>
<!-- Generated by org.testng.reporters.JUnitXMLReporter -->
<testsuite ignored="1" hostname="DESKTOP-93K3C4K" failures="0" tests="1" name="Default test" time="38.17" errors="0" timestamp="2024-09-01T01:10:47 IST">
  <testcase classname="testScript.ProductsImportTest" name="verifyImportWithUploadingFile" time="20.179"/>
  <testcase classname="testScript.ProductsImportTest" name="verifyImportWithoutUploadingFile" time="0.0">
    <ignored/>
  </testcase> <!-- verifyImportWithoutUploadingFile -->
</testsuite> <!-- Default test -->
