<?xml version="1.0" encoding="UTF-8"?>
<!-- Generated by org.testng.reporters.JUnitXMLReporter -->
<testsuite ignored="0" hostname="DESKTOP-93K3C4K" failures="1" tests="1" name="Default test(failed)" time="40.403" errors="0" timestamp="2024-08-14T02:27:51 IST">
  <testcase classname="testScript.RegisterPageTest" name="VerifyRegisterPage" time="16.051">
    <failure type="java.lang.RuntimeException" message="Excel sheet not found">
      <![CDATA[java.lang.RuntimeException: Excel sheet not found
at utilities.ExcelUtility.getStringData(ExcelUtility.java:26)
at testScript.RegisterPageTest.VerifyRegisterPage(RegisterPageTest.java:42)
at java.base/java.util.ArrayList.forEach(ArrayList.java:1511)
... Removed 27 stack frames]]>
    </failure>
  </testcase> <!-- VerifyRegisterPage -->
</testsuite> <!-- Default test(failed) -->
